------------------------------------------------------------------------------
----------------------------RVE Generation started----------------------------
------------------------------------------------------------------------------


Starttime: 30/11/2021 04:25:10


Calculating the phase ratio...
The phase ratio for the rest of the volume is: 0.2304166158040364 
The Ideal volume is: 20778.7514
The Ideal volume is: 6221.2486
Needed 199-Loops to sample points for the bands!
RVE generation process continues with placing of the ferrite grains and martensite islands 
Sampled 235 Ferrite-Points for the matrix! 
The total conti volume is: 20811.89323471169 
The total discrete volume is: 20320.758819580078 
Sampled 195 Martensite-Islands for the matrix! 
The total conti volume is: 6464.74582773756 
The total discrete volume is: 6315.044403076172 

Elapsed time for normal RSA: 0:54:26.181265



RVE generation process continues with the tesselation of grains!
Packingratio: 59.624863%
Packingratio: 70.547104%
Packingratio: 80.892944%
Packingratio: 89.593887%
Packingratio: 95.252228%
Packingratio: 97.545242%
Packingratio: 98.217010%
Packingratio: 98.546600%
Packingratio: 98.806000%
Packingratio: 98.986053%
Packingratio: 99.135208%
Packingratio: 99.301910%
Packingratio: 99.374390%
Packingratio: 99.421692%
Packingratio: 99.457550%
Packingratio: 99.505997%
Packingratio: 99.556351%
Packingratio: 99.626160%
Packingratio: 99.665070%
Packingratio: 99.718857%
Packingratio: 99.739075%
Packingratio: 99.757004%
Packingratio: 99.805069%
Packingratio: 99.844742%
Packingratio: 99.851227%
Packingratio: 99.855423%
Packingratio: 99.862289%
Packingratio: 99.880981%
Packingratio: 99.898911%
Packingratio: 99.916840%
Packingratio: 99.930954%
Packingratio: 99.938202%
Packingratio: 99.938583%
Packingratio: 99.945068%
Packingratio: 99.945450%
Packingratio: 99.946976%
Packingratio: 99.989319%
Packingratio: 100.000000%
Elapsed time for Tesselation: 0:43:27.081268



RVE generation process nearly complete: Creating input for DAMASK Spectral now: 
Nothing despite grains in RVE: 
Attention: Discrete and continuous Output are equal for the spectral grid! 


RVE generation process has successfully completed... 
------------------------------------------------------------------------------
-----------------------------RVE Generation ended-----------------------------
------------------------------------------------------------------------------
