------------------------------------------------------------------------------
----------------------------RVE Generation started----------------------------
------------------------------------------------------------------------------


Starttime: 29/11/2021 20:45:19


Calculating the phase ratio...
The phase ratio for the rest of the volume is: 0.2432174682617187 
The Ideal volume is: 20433.1284
The Ideal volume is: 6566.8716
Needed 239-Loops to sample points for the bands!
RVE generation process continues with placing of the ferrite grains and martensite islands 
Sampled 170 Ferrite-Points for the matrix! 
The total conti volume is: 20569.557027450508 
The total discrete volume is: 20094.06280517578 
Sampled 239 Martensite-Islands for the matrix! 
The total conti volume is: 6957.294895495247 
The total discrete volume is: 6796.863555908203 

Elapsed time for normal RSA: 1:05:15.540522



RVE generation process continues with the tesselation of grains!
Packingratio: 59.819031%
Packingratio: 70.612717%
Packingratio: 80.693054%
Packingratio: 89.043427%
Packingratio: 94.858551%
Packingratio: 97.107315%
Packingratio: 97.952652%
Packingratio: 98.443985%
Packingratio: 98.806381%
Packingratio: 99.069595%
Packingratio: 99.315262%
Packingratio: 99.496078%
Packingratio: 99.657822%
Packingratio: 99.763489%
Packingratio: 99.844360%
Packingratio: 99.913025%
Packingratio: 99.953461%
Packingratio: 99.971390%
Packingratio: 99.988556%
Packingratio: 99.998474%
Packingratio: 100.000000%
Elapsed time for Tesselation: 0:33:15.798477



RVE generation process nearly complete: Creating input for DAMASK Spectral now: 
Nothing despite grains in RVE: 
Attention: Discrete and continuous Output are equal for the spectral grid! 


RVE generation process has successfully completed... 
------------------------------------------------------------------------------
-----------------------------RVE Generation ended-----------------------------
------------------------------------------------------------------------------
