Increment Time CutbackLevel Converged IterationsNeeded
           1  0.10000000000000001                0 T          17
           2  0.20000000000000001                0 T          15
           3  0.30000000000000004                0 T          13
           4  0.40000000000000002                0 T          10
           5  0.50000000000000000                0 T          10
           6  0.59999999999999998                0 T          10
           7  0.69999999999999996                0 T          10
           8  0.79999999999999993                0 T           9
           9  0.89999999999999991                0 T          10
          10  0.99999999999999989                0 T           9
          11   1.0999999999999999                0 T          10
          12   1.2000000000000000                0 T          11
          13   1.3000000000000000                0 T          11
          14   1.4000000000000001                0 T           9
          15   1.5000000000000002                0 T          10
          16   1.6000000000000003                0 T          11
          17   1.7000000000000004                0 T          10
          18   1.8000000000000005                0 T           9
          19   1.9000000000000006                0 T           9
          20   2.0000000000000004                0 T          11
          21   2.1000000000000005                0 T          10
          22   2.2000000000000006                0 T          10
          23   2.3000000000000007                0 T          10
          24   2.4000000000000008                0 T          11
          25   2.5000000000000009                0 T          10
          26   2.6000000000000010                0 T           9
          27   2.7000000000000011                0 T           9
          28   2.8000000000000012                0 T           9
          29   2.9000000000000012                0 T          10
          30   3.0000000000000013                0 T           9
          31   3.1000000000000014                0 T          10
          32   3.2000000000000015                0 T          10
          33   3.3000000000000016                0 T          10
          34   3.4000000000000017                0 T          10
          35   3.5000000000000018                0 T          10
          36   3.6000000000000019                0 T          10
          37   3.7000000000000020                0 T          10
          38   3.8000000000000020                0 T          10
          39   3.9000000000000021                0 T          10
          40   4.0000000000000018                0 T          10
          41   4.1000000000000014                0 T          11
          42   4.2000000000000011                0 T          11
          43   4.3000000000000007                0 T          11
          44   4.4000000000000004                0 T          11
          45   4.5000000000000000                0 T          11
          46   4.5999999999999996                0 T          11
          47   4.6999999999999993                0 T          11
          48   4.7999999999999989                0 T          11
          49   4.8999999999999986                0 T          11
          50   4.9999999999999982                0 T          11
          51   5.0999999999999979                0 T          11
          52   5.1999999999999975                0 T          11
          53   5.2999999999999972                0 T          12
          54   5.3999999999999968                0 T          12
          55   5.4999999999999964                0 T          12
          56   5.5999999999999961                0 T          12
          57   5.6999999999999957                0 T          12
          58   5.7999999999999954                0 T          12
          59   5.8999999999999950                0 T          12
          60   5.9999999999999947                0 T          12
          61   6.0999999999999943                0 T          13
          62   6.1999999999999940                0 T          12
          63   6.2999999999999936                0 T          13
          64   6.3999999999999932                0 T          13
          65   6.4999999999999929                0 T          13
          66   6.5999999999999925                0 T          13
          67   6.6999999999999922                0 T          13
          68   6.7999999999999918                0 T          13
          69   6.8999999999999915                0 T          13
          70   6.9999999999999911                0 T          14
          71   7.0999999999999908                0 T          14
          72   7.1999999999999904                0 T          14
          73   7.2999999999999901                0 T          14
          74   7.3999999999999897                0 T          14
          75   7.4999999999999893                0 T          14
          76   7.5999999999999890                0 T          15
          77   7.6999999999999886                0 T          15
          78   7.7999999999999883                0 T          15
          79   7.8999999999999879                0 T          15
          80   7.9999999999999876                0 T          15
          81   8.0999999999999872                0 T          15
          82   8.1999999999999869                0 T          16
          83   8.2999999999999865                0 T          16
          84   8.3999999999999861                0 T          16
          85   8.4999999999999858                0 T          16
          86   8.5999999999999854                0 T          16
          87   8.6999999999999851                0 T          17
          88   8.7999999999999847                0 T          17
          89   8.8999999999999844                0 T          17
          90   8.9999999999999840                0 T          17
          91   9.0999999999999837                0 T          18
          92   9.1999999999999833                0 T          18
          93   9.2999999999999829                0 T          18
          94   9.3999999999999826                0 T          18
          95   9.4999999999999822                0 T          19
          96   9.5999999999999819                0 T          19
          97   9.6999999999999815                0 T          19
          98   9.7999999999999812                0 T          19
          99   9.8999999999999808                0 T          20
         100   9.9999999999999805                0 T          20
