------------------------------------------------------------------------------
----------------------------RVE Generation started----------------------------
------------------------------------------------------------------------------


Starttime: 08/12/2021 18:49:06


Calculating the phase ratio...
The phase ratio for the rest of the volume is: 0.10315450032552083 
The Ideal volume is: 1675.7813
Needed 333-Loops to sample points for the bands!

RVE generation process has started with Band-creation 
The total volume of the RVE is 30*30*30 = 27000 
Sampled 262 Martensite-Points for band-Creation! 
The total conti volume is: 1773.885450256399 
The total discrete volume is: 1727.874755859375 
Band generator - Bandwidth: [1.43229167], Left bound: [3.28385417] and Right bound: [4.71614583]
Total number of attempts needed: 1471

The Ideal volume is: 1713.8672
Needed 289-Loops to sample points for the bands!


 Band number 2
Sampled 230 Martensite-Points for band-Creation! 
The total conti volume is: 1799.8541508339008 
The total discrete volume is: 1759.2887878417969 
Band generator - Bandwidth: [1.46484375], Left bound: [5.26757812] and Right bound: [6.73242188]
Total number of attempts needed: 775

Elapsed time for band creation: 0:26:42.617591

The Ideal volume is: 21174.8375
The Ideal volume is: 2516.2042
Needed 116-Loops to sample points for the bands!
RVE generation process continues with placing of the ferrite grains and martensite islands 
Sampled 160 Ferrite-Points for the matrix! 
The total conti volume is: 21720.095551773935 
The total discrete volume is: 21211.681365966797 
Sampled 117 Martensite-Islands for the matrix! 
The total conti volume is: 2656.20255464808 
The total discrete volume is: 2592.8421020507812 

Elapsed time for normal RSA: 0:25:23.884710



RVE generation process continues with the tesselation of grains!
Packingratio: 57.507324%
Packingratio: 67.340851%
Packingratio: 77.169037%
Packingratio: 85.628510%
Packingratio: 91.809845%
Packingratio: 94.404984%
Packingratio: 95.334625%
Packingratio: 95.771408%
Packingratio: 96.061325%
Packingratio: 96.322250%
Packingratio: 96.561813%
Packingratio: 96.761322%
Packingratio: 96.958542%
Packingratio: 97.208405%
Packingratio: 97.463608%
Packingratio: 97.716904%
Packingratio: 98.019409%
Packingratio: 98.130798%
Packingratio: 98.299789%
Packingratio: 98.471451%
Packingratio: 98.773575%
Packingratio: 98.859406%
Packingratio: 98.875809%
Packingratio: 98.907089%
Packingratio: 98.954773%
Packingratio: 99.011612%
Packingratio: 99.018478%
Packingratio: 99.054718%
Packingratio: 99.059677%
Packingratio: 99.064636%
Packingratio: 99.065399%
Packingratio: 99.068832%
Packingratio: 99.785614%
Packingratio: 99.972153%
Packingratio: 99.998856%
Packingratio: 100.000000%
Elapsed time for Tesselation: 1:24:16.010990



RVE generation process nearly complete: Creating input for DAMASK Spectral now: 
Only Band in RVE: 
Attention: Discrete and continuous Output are equal for the spectral grid! 


RVE generation process has successfully completed... 
------------------------------------------------------------------------------
-----------------------------RVE Generation ended-----------------------------
------------------------------------------------------------------------------
