------------------------------------------------------------------------------
----------------------------RVE Generation started----------------------------
------------------------------------------------------------------------------


Starttime: 04/12/2021 01:12:45


Calculating the phase ratio...
The phase ratio for the rest of the volume is: 0.22820875379774302 
The Ideal volume is: 1790.0391
Needed 267-Loops to sample points for the bands!

RVE generation process has started with Band-creation 
The total volume of the RVE is 30*30*30 = 27000 
Sampled 208 Martensite-Points for band-Creation! 
The total conti volume is: 1907.7028099425727 
The total discrete volume is: 1863.6245727539062 
Band generator - Bandwidth: [1.52994792], Left bound: [6.23502604] and Right bound: [7.76497396]
Total number of attempts needed: 713

Elapsed time for band creation: 0:08:38.409976

The Ideal volume is: 19456.8272
The Ideal volume is: 5847.4036
Needed 181-Loops to sample points for the bands!
RVE generation process continues with placing of the ferrite grains and martensite islands 
Sampled 177 Ferrite-Points for the matrix! 
The total conti volume is: 19765.100892608585 
The total discrete volume is: 19310.05096435547 
Sampled 186 Martensite-Islands for the matrix! 
The total conti volume is: 6551.756288962576 
The total discrete volume is: 6396.823883056641 

Elapsed time for normal RSA: 0:40:57.800912



RVE generation process continues with the tesselation of grains!
Packingratio: 58.362579%
Packingratio: 67.418289%
Packingratio: 76.477814%
Packingratio: 84.497070%
Packingratio: 90.971375%
Packingratio: 95.196915%
Packingratio: 96.875763%
Packingratio: 97.724152%
Packingratio: 98.120117%
Packingratio: 98.419189%
Packingratio: 98.569870%
Packingratio: 98.659134%
Packingratio: 98.739624%
Packingratio: 98.861694%
Packingratio: 99.008942%
Packingratio: 99.222946%
Packingratio: 99.491882%
Packingratio: 99.713898%
Packingratio: 99.772263%
Packingratio: 99.833679%
Packingratio: 99.872589%
Packingratio: 99.906921%
Packingratio: 99.925995%
Packingratio: 99.951935%
Packingratio: 99.967194%
Packingratio: 99.976349%
Packingratio: 99.979401%
Packingratio: 99.984360%
Packingratio: 99.991989%
Packingratio: 99.998856%
Packingratio: 100.000000%
Elapsed time for Tesselation: 0:52:13.427133



RVE generation process nearly complete: Creating input for DAMASK Spectral now: 
Only Band in RVE: 
Attention: Discrete and continuous Output are equal for the spectral grid! 


RVE generation process has successfully completed... 
------------------------------------------------------------------------------
-----------------------------RVE Generation ended-----------------------------
------------------------------------------------------------------------------
