------------------------------------------------------------------------------
----------------------------RVE Generation started----------------------------
------------------------------------------------------------------------------


Starttime: 18/11/2021 13:57:56


Calculating the phase ratio...
The phase ratio for the rest of the volume is: 0.24825880262586805 

Needed 131-Loops to sample points for the bands!
RVE generation process continues with placing of the ferrite grains and martensite islands 
Sampled 205 Ferrite-Points for the matrix! 
The total conti volume is: 20310.01890488277 
The total discrete volume is: 19832.45086669922 
Sampled 130 Martensite-Islands for the matrix! 
The total conti volume is: 6798.27440561356 
The total discrete volume is: 6641.029357910156 

Elapsed time for normal RSA: 2:26:52.961968



RVE generation process continues with the tesselation of grains!
Packingratio: 57.788467%
Packingratio: 67.283630%
Packingratio: 76.836777%
Packingratio: 85.296631%
Packingratio: 91.901398%
Packingratio: 95.689774%
Packingratio: 97.436905%
Packingratio: 98.073578%
Packingratio: 98.324966%
Packingratio: 98.464966%
Packingratio: 98.564529%
Packingratio: 98.644638%
Packingratio: 98.715210%
Packingratio: 98.797607%
Packingratio: 98.818207%
Packingratio: 98.842621%
Packingratio: 98.863983%
Packingratio: 98.892593%
Packingratio: 98.928452%
Packingratio: 98.948288%
Packingratio: 98.965073%
Packingratio: 99.001694%
Packingratio: 99.026108%
Packingratio: 99.047089%
Packingratio: 99.070740%
Packingratio: 99.125290%
Packingratio: 99.145508%
Packingratio: 99.170303%
Packingratio: 99.181747%
Packingratio: 99.188614%
Packingratio: 99.190903%
Packingratio: 99.195480%
Packingratio: 99.195480%
Packingratio: 99.767685%
Packingratio: 99.953461%
Packingratio: 99.994278%
Packingratio: 100.000000%
Elapsed time for Tesselation: 2:37:28.142665



RVE generation process nearly complete: Creating input for DAMASK Spectral now: 
Nothing despite grains in RVE: 
Attention: Discrete and continuous Output are equal for the spectral grid! 


RVE generation process has successfully completed... 
------------------------------------------------------------------------------
-----------------------------RVE Generation ended-----------------------------
------------------------------------------------------------------------------
