------------------------------------------------------------------------------
----------------------------RVE Generation started----------------------------
------------------------------------------------------------------------------


Starttime: 18/11/2021 19:39:17


Calculating the phase ratio...
The phase ratio for the rest of the volume is: 0.2295896742078993 

Needed 121-Loops to sample points for the bands!
RVE generation process continues with placing of the ferrite grains and martensite islands 
Sampled 186 Ferrite-Points for the matrix! 
The total conti volume is: 20965.93795614607 
The total discrete volume is: 20470.619201660156 
Sampled 120 Martensite-Islands for the matrix! 
The total conti volume is: 6214.577940564951 
The total discrete volume is: 6069.8089599609375 

Elapsed time for normal RSA: 2:35:54.356276



RVE generation process continues with the tesselation of grains!
Packingratio: 56.555557%
Packingratio: 64.564133%
Packingratio: 72.760010%
Packingratio: 80.250931%
Packingratio: 86.995697%
Packingratio: 92.285538%
Packingratio: 95.567703%
Packingratio: 97.166824%
Packingratio: 97.826385%
Packingratio: 98.198318%
Packingratio: 98.457336%
Packingratio: 98.598099%
Packingratio: 98.704529%
Packingratio: 98.809814%
Packingratio: 98.876953%
Packingratio: 98.946381%
Packingratio: 98.968887%
Packingratio: 98.990250%
Packingratio: 99.016190%
Packingratio: 99.045563%
Packingratio: 99.081039%
Packingratio: 99.127197%
Packingratio: 99.142075%
Packingratio: 99.157333%
Packingratio: 99.175262%
Packingratio: 99.193954%
Packingratio: 99.209976%
Packingratio: 99.227524%
Packingratio: 99.243927%
Packingratio: 99.250031%
Packingratio: 99.254608%
Packingratio: 99.258804%
Packingratio: 99.263763%
Packingratio: 99.272156%
Packingratio: 99.273300%
Packingratio: 99.274445%
Packingratio: 99.277496%
Packingratio: 99.279404%
Packingratio: 99.282837%
Packingratio: 99.697495%
Packingratio: 99.885941%
Packingratio: 99.973297%
Packingratio: 99.990082%
Packingratio: 99.998474%
Packingratio: 100.000000%
Elapsed time for Tesselation: 1:43:03.600075



RVE generation process nearly complete: Creating input for DAMASK Spectral now: 
Nothing despite grains in RVE: 
Attention: Discrete and continuous Output are equal for the spectral grid! 


RVE generation process has successfully completed... 
------------------------------------------------------------------------------
-----------------------------RVE Generation ended-----------------------------
------------------------------------------------------------------------------
