------------------------------------------------------------------------------
----------------------------RVE Generation started----------------------------
------------------------------------------------------------------------------


Starttime: 30/11/2021 14:44:24


Calculating the phase ratio...
The phase ratio for the rest of the volume is: 0.20801586574978295 
The Ideal volume is: 2170.8984
Needed 219-Loops to sample points for the bands!

RVE generation process has started with Band-creation 
The total volume of the RVE is 30*30*30 = 27000 
Sampled 197 Martensite-Points for band-Creation! 
The total conti volume is: 2292.5105428978977 
The total discrete volume is: 2234.1041564941406 
Band generator - Bandwidth: [1.85546875], Left bound: [15.07226562] and Right bound: [16.92773438]
Total number of attempts needed: 1381

Elapsed time for band creation: 0:19:21.788752

The Ideal volume is: 19664.2545
The Ideal volume is: 5269.0581
Needed 160-Loops to sample points for the bands!
RVE generation process continues with placing of the ferrite grains and martensite islands 
Sampled 193 Ferrite-Points for the matrix! 
The total conti volume is: 19677.721399591494 
The total discrete volume is: 19220.237731933594 
Sampled 165 Martensite-Islands for the matrix! 
The total conti volume is: 5547.063091506131 
The total discrete volume is: 5414.440155029297 

Elapsed time for normal RSA: 0:43:43.025933



RVE generation process continues with the tesselation of grains!
Packingratio: 58.018875%
Packingratio: 68.659210%
Packingratio: 78.977966%
Packingratio: 87.738037%
Packingratio: 93.658447%
Packingratio: 95.183563%
Packingratio: 95.890045%
Packingratio: 96.353149%
Packingratio: 96.646118%
Packingratio: 96.857452%
Packingratio: 97.052002%
Packingratio: 97.230530%
Packingratio: 97.422028%
Packingratio: 97.591019%
Packingratio: 97.743988%
Packingratio: 97.942734%
Packingratio: 98.050308%
Packingratio: 98.154068%
Packingratio: 98.279572%
Packingratio: 98.439026%
Packingratio: 98.625183%
Packingratio: 98.825455%
Packingratio: 99.156189%
Packingratio: 99.198914%
Packingratio: 99.411774%
Packingratio: 99.496078%
Packingratio: 99.588776%
Packingratio: 99.679947%
Packingratio: 99.774551%
Packingratio: 99.775696%
Packingratio: 99.778366%
Packingratio: 99.778366%
Packingratio: 99.958038%
Packingratio: 99.998093%
Packingratio: 100.000000%
Elapsed time for Tesselation: 1:03:13.398928



RVE generation process nearly complete: Creating input for DAMASK Spectral now: 
Only Band in RVE: 
Attention: Discrete and continuous Output are equal for the spectral grid! 


RVE generation process has successfully completed... 
------------------------------------------------------------------------------
-----------------------------RVE Generation ended-----------------------------
------------------------------------------------------------------------------
