------------------------------------------------------------------------------
----------------------------RVE Generation started----------------------------
------------------------------------------------------------------------------


Starttime: 07/12/2021 02:28:59


Calculating the phase ratio...
The phase ratio for the rest of the volume is: 0.2135285271538628 
The Ideal volume is: 21234.7298
The Ideal volume is: 5765.2702
Needed 226-Loops to sample points for the bands!
RVE generation process continues with placing of the ferrite grains and martensite islands 
Sampled 190 Ferrite-Points for the matrix! 
The total conti volume is: 21770.88347553323 
The total discrete volume is: 21257.617950439453 
Sampled 220 Martensite-Islands for the matrix! 
The total conti volume is: 6203.545348706606 
The total discrete volume is: 6060.539245605469 

Elapsed time for normal RSA: 1:03:24.380067



RVE generation process continues with the tesselation of grains!
Packingratio: 60.011292%
Packingratio: 70.049667%
Packingratio: 79.508972%
Packingratio: 87.596893%
Packingratio: 93.589783%
Packingratio: 96.951294%
Packingratio: 98.297882%
Packingratio: 98.832703%
Packingratio: 99.137878%
Packingratio: 99.373627%
Packingratio: 99.559402%
Packingratio: 99.725723%
Packingratio: 99.827957%
Packingratio: 99.915695%
Packingratio: 99.959183%
Packingratio: 99.973297%
Packingratio: 99.981308%
Packingratio: 99.989700%
Packingratio: 100.000000%
Elapsed time for Tesselation: 0:39:47.285925



RVE generation process nearly complete: Creating input for DAMASK Spectral now: 
Nothing despite grains in RVE: 
Attention: Discrete and continuous Output are equal for the spectral grid! 


RVE generation process has successfully completed... 
------------------------------------------------------------------------------
-----------------------------RVE Generation ended-----------------------------
------------------------------------------------------------------------------
