------------------------------------------------------------------------------
----------------------------RVE Generation started----------------------------
------------------------------------------------------------------------------


Starttime: 06/12/2021 21:03:23


Calculating the phase ratio...
The phase ratio for the rest of the volume is: 0.3037016126844618 
The Ideal volume is: 18800.0565
The Ideal volume is: 8199.9435
Needed 321-Loops to sample points for the bands!
RVE generation process continues with placing of the ferrite grains and martensite islands 
Sampled 183 Ferrite-Points for the matrix! 
The total conti volume is: 18816.63677979829 
The total discrete volume is: 18381.431579589844 
Sampled 324 Martensite-Islands for the matrix! 
The total conti volume is: 8411.116970447629 
The total discrete volume is: 8220.279693603516 

Elapsed time for normal RSA: 0:58:33.304571



RVE generation process continues with the tesselation of grains!
Packingratio: 59.593964%
Packingratio: 70.465851%
Packingratio: 80.967331%
Packingratio: 89.739609%
Packingratio: 95.219040%
Packingratio: 97.224045%
Packingratio: 97.967911%
Packingratio: 98.319626%
Packingratio: 98.529816%
Packingratio: 98.625565%
Packingratio: 98.733902%
Packingratio: 98.798752%
Packingratio: 98.874283%
Packingratio: 99.000931%
Packingratio: 99.182510%
Packingratio: 99.340820%
Packingratio: 99.419403%
Packingratio: 99.464417%
Packingratio: 99.488831%
Packingratio: 99.513245%
Packingratio: 99.553680%
Packingratio: 99.629974%
Packingratio: 99.648285%
Packingratio: 99.665833%
Packingratio: 99.687958%
Packingratio: 99.729538%
Packingratio: 99.774170%
Packingratio: 99.797821%
Packingratio: 99.823761%
Packingratio: 99.830627%
Packingratio: 99.845505%
Packingratio: 99.857712%
Packingratio: 99.876404%
Packingratio: 99.899673%
Packingratio: 99.903870%
Packingratio: 99.906540%
Packingratio: 99.906921%
Packingratio: 99.910736%
Packingratio: 99.916458%
Packingratio: 99.916458%
Packingratio: 99.974442%
Packingratio: 99.999237%
Packingratio: 100.000000%
Elapsed time for Tesselation: 1:08:19.069033



RVE generation process nearly complete: Creating input for DAMASK Spectral now: 
Nothing despite grains in RVE: 
Attention: Discrete and continuous Output are equal for the spectral grid! 


RVE generation process has successfully completed... 
------------------------------------------------------------------------------
-----------------------------RVE Generation ended-----------------------------
------------------------------------------------------------------------------
